0 info it worked if it ends with ok
1 verbose cli [ '/usr/bin/nodejs', '/usr/bin/npm', 'rebuild', 'node-sass' ]
2 info using npm@3.8.6
3 info using node@v5.12.0
4 info readInstalled object
5 verbose rebuild path, id [ '/var/uploader/node_modules/node-sass', 'node-sass@3.10.1' ]
6 silly rebuild set [ '/var/uploader/node_modules/node-sass' ]
7 info build /var/uploader/node_modules/node-sass
8 info lifecycle node-sass@3.10.1~preinstall: node-sass@3.10.1
9 silly lifecycle node-sass@3.10.1~preinstall: no script for preinstall, continuing
10 info linkStuff node-sass@3.10.1
11 silly linkStuff node-sass@3.10.1 has /var/uploader/node_modules as its parent node_modules
12 verbose linkBins node-sass@3.10.1
13 verbose link bins [ { 'node-sass': 'bin/node-sass' },
13 verbose link bins   '/var/uploader/node_modules/.bin',
13 verbose link bins   false ]
14 verbose linkMans node-sass@3.10.1
15 verbose rebuildBundles node-sass@3.10.1
16 verbose rebuildBundles [ 'gaze',
16 verbose rebuildBundles   'glob',
16 verbose rebuildBundles   'globule',
16 verbose rebuildBundles   'lodash',
16 verbose rebuildBundles   'lodash.clonedeep',
16 verbose rebuildBundles   'minimatch' ]
17 verbose rebuild bundle /var/uploader/node_modules/node-sass/node_modules/globule
18 info build /var/uploader/node_modules/node-sass/node_modules/globule
19 silly gentlyRm /var/uploader/node_modules/.bin/node-sass is being purged
20 verbose gentlyRm don't care about contents; nuking /var/uploader/node_modules/.bin/node-sass
21 silly vacuum-fs purging /var/uploader/node_modules/.bin/node-sass
22 info lifecycle globule@1.0.0~preinstall: globule@1.0.0
23 silly lifecycle globule@1.0.0~preinstall: no script for preinstall, continuing
24 info linkStuff globule@1.0.0
25 silly linkStuff globule@1.0.0 has /var/uploader/node_modules/node-sass/node_modules as its parent node_modules
26 silly vacuum-fs quitting because other entries in /var/uploader/node_modules/.bin
27 verbose linkBins globule@1.0.0
28 verbose linkMans globule@1.0.0
29 verbose rebuildBundles globule@1.0.0
30 verbose rebuildBundles [ 'glob' ]
31 info lifecycle globule@1.0.0~install: globule@1.0.0
32 silly lifecycle globule@1.0.0~install: no script for install, continuing
33 info lifecycle globule@1.0.0~postinstall: globule@1.0.0
34 silly lifecycle globule@1.0.0~postinstall: no script for postinstall, continuing
35 verbose rebuild bundle /var/uploader/node_modules/node-sass/node_modules/lodash
36 info build /var/uploader/node_modules/node-sass/node_modules/lodash
37 info lifecycle lodash@4.9.0~preinstall: lodash@4.9.0
38 silly lifecycle lodash@4.9.0~preinstall: no script for preinstall, continuing
39 info linkStuff lodash@4.9.0
40 silly linkStuff lodash@4.9.0 has /var/uploader/node_modules/node-sass/node_modules as its parent node_modules
41 verbose linkBins lodash@4.9.0
42 verbose linkMans lodash@4.9.0
43 verbose rebuildBundles lodash@4.9.0
44 info lifecycle lodash@4.9.0~install: lodash@4.9.0
45 silly lifecycle lodash@4.9.0~install: no script for install, continuing
46 info lifecycle lodash@4.9.0~postinstall: lodash@4.9.0
47 silly lifecycle lodash@4.9.0~postinstall: no script for postinstall, continuing
48 verbose rebuild bundle /var/uploader/node_modules/node-sass/node_modules/minimatch
49 info build /var/uploader/node_modules/node-sass/node_modules/minimatch
50 info lifecycle minimatch@3.0.3~preinstall: minimatch@3.0.3
51 silly lifecycle minimatch@3.0.3~preinstall: no script for preinstall, continuing
52 info linkStuff minimatch@3.0.3
53 silly linkStuff minimatch@3.0.3 has /var/uploader/node_modules/node-sass/node_modules as its parent node_modules
54 verbose linkBins minimatch@3.0.3
55 verbose linkMans minimatch@3.0.3
56 verbose rebuildBundles minimatch@3.0.3
57 info lifecycle minimatch@3.0.3~install: minimatch@3.0.3
58 silly lifecycle minimatch@3.0.3~install: no script for install, continuing
59 info lifecycle minimatch@3.0.3~postinstall: minimatch@3.0.3
60 silly lifecycle minimatch@3.0.3~postinstall: no script for postinstall, continuing
61 verbose stack Error: EPROTO: protocol error, symlink '../node-sass/bin/node-sass' -> '/var/uploader/node_modules/.bin/node-sass'
61 verbose stack     at Error (native)
62 verbose cwd /var/uploader
63 error Linux 4.4.0-22-generic
64 error argv "/usr/bin/nodejs" "/usr/bin/npm" "rebuild" "node-sass"
65 error node v5.12.0
66 error npm  v3.8.6
67 error path ../node-sass/bin/node-sass
68 error code EPROTO
69 error errno -71
70 error syscall symlink
71 error EPROTO: protocol error, symlink '../node-sass/bin/node-sass' -> '/var/uploader/node_modules/.bin/node-sass'
72 error If you need help, you may report this error at:
72 error     <https://github.com/npm/npm/issues>
73 verbose exit [ -71, true ]
